<?xml version="1.0" encoding="UTF-8"?>
<!-- Generated by org.testng.reporters.JUnitReportReporter -->
<testsuite hostname="TLPPCA31" name="Assign.Amazon_Testing.TestExecution" tests="5" failures="0" timestamp="23 Nov 2016 09:41:32 GMT" time="25.026" errors="0">
  <testcase name="verifyHomePage" time="6.082" classname="Assign.Amazon_Testing.TestExecution"/>
  <testcase name="verifyRegistration" time="4.681" classname="Assign.Amazon_Testing.TestExecution"/>
  <testcase name="verifyDeliveryPage" time="3.318" classname="Assign.Amazon_Testing.TestExecution"/>
  <testcase name="verifyProductDeatilsPage" time="3.296" classname="Assign.Amazon_Testing.TestExecution"/>
  <testcase name="verifyAddtocart" time="7.649" classname="Assign.Amazon_Testing.TestExecution"/>
</testsuite> <!-- Assign.Amazon_Testing.TestExecution -->
